<?xml version="1.0" encoding="UTF-8"?>
<!-- Generated by org.testng.reporters.JUnitReportReporter -->
<testsuite hostname="DESKTOP-6KLV0L6" failures="0" tests="4" name="testRunners.TestNGRunner" time="30.506" errors="0" timestamp="2023-09-08T14:59:38 IST" skipped="0">
  <testcase classname="testRunners.TestNGRunner" name="runScenario" time="9.358"/>
  <testcase classname="testRunners.TestNGRunner" name="runScenario" time="6.522"/>
  <testcase classname="testRunners.TestNGRunner" name="runScenario" time="7.453"/>
  <testcase classname="testRunners.TestNGRunner" name="runScenario" time="7.173"/>
</testsuite> <!-- testRunners.TestNGRunner -->
